<?xml version="1.0" encoding="UTF-8"?>
<!-- Generated by org.testng.reporters.JUnitReportReporter -->
<testsuite hostname="LAPTOP-MFCNT1RQ" failures="0" tests="1" name="rishavPortfolio.Test.DeleteOrders" time="7.597" errors="0" timestamp="2024-09-01T19:57:30 IST" skipped="0">
  <testcase classname="rishavPortfolio.Test.DeleteOrders" name="DeleteAllOrders" time="7.597"/>
</testsuite> <!-- rishavPortfolio.Test.DeleteOrders -->
